<?xml version="1.0" encoding="UTF-8"?>
<!-- Generated by org.testng.reporters.JUnitXMLReporter -->
<testsuite ignored="2" hostname="Lenovo-Thanuja" failures="0" tests="2" name="CalculatorTests" time="0.047" errors="0" timestamp="2025-11-16T11:25:41 IST">
  <testcase classname="com.example.CalculatorTest" name="addTest" time="0.0"/>
  <testcase classname="com.example.CalculatorTest" name="subtractTest" time="0.003"/>
  <testcase classname="com.example.CalculatorTest" name="divideTest" time="0.0">
    <ignored/>
  </testcase> <!-- divideTest -->
  <testcase classname="com.example.CalculatorTest" name="multiplyTest" time="0.0">
    <ignored/>
  </testcase> <!-- multiplyTest -->
</testsuite> <!-- CalculatorTests -->
