<?xml version="1.0" encoding="UTF-8"?>
<testng-results ignored="0" total="1" passed="1" failed="0" skipped="0">
  <reporter-output>
  </reporter-output>
  <suite started-at="2025-11-16T09:45:46 IST" name="Surefire suite" finished-at="2025-11-16T09:45:46 IST" duration-ms="59">
    <groups>
    </groups>
    <test started-at="2025-11-16T09:45:46 IST" name="Surefire test" finished-at="2025-11-16T09:45:46 IST" duration-ms="59">
      <class name="com.example.CalculatorTest">
        <test-method signature="addTest()[pri:0, instance:com.example.CalculatorTest@327b636c]" started-at="2025-11-16T09:45:46 IST" name="addTest" finished-at="2025-11-16T09:45:46 IST" duration-ms="15" status="PASS">
          <reporter-output>
          </reporter-output>
        </test-method> <!-- addTest -->
      </class> <!-- com.example.CalculatorTest -->
    </test> <!-- Surefire test -->
  </suite> <!-- Surefire suite -->
</testng-results>
