<?xml version="1.0" encoding="UTF-8"?>
<testng-results ignored="0" total="2" passed="2" failed="0" skipped="0">
  <reporter-output>
  </reporter-output>
  <suite started-at="2025-11-16T11:25:41 IST" name="CalculatorSuite" finished-at="2025-11-16T11:25:41 IST" duration-ms="47">
    <groups>
      <group name="BasicOperations">
        <method signature="CalculatorTest.addTest()[pri:0, instance:com.example.CalculatorTest@3e92efc3]" name="addTest" class="com.example.CalculatorTest"/>
        <method signature="CalculatorTest.subtractTest()[pri:0, instance:com.example.CalculatorTest@3e92efc3]" name="subtractTest" class="com.example.CalculatorTest"/>
      </group> <!-- BasicOperations -->
    </groups>
    <test started-at="2025-11-16T11:25:41 IST" name="CalculatorTests" finished-at="2025-11-16T11:25:41 IST" duration-ms="47">
      <class name="com.example.CalculatorTest">
        <test-method signature="addTest()[pri:0, instance:com.example.CalculatorTest@3e92efc3]" started-at="2025-11-16T11:25:41 IST" name="addTest" finished-at="2025-11-16T11:25:41 IST" duration-ms="0" status="PASS">
          <reporter-output>
          </reporter-output>
        </test-method> <!-- addTest -->
        <test-method signature="subtractTest()[pri:0, instance:com.example.CalculatorTest@3e92efc3]" started-at="2025-11-16T11:25:41 IST" name="subtractTest" finished-at="2025-11-16T11:25:41 IST" duration-ms="3" status="PASS">
          <reporter-output>
          </reporter-output>
        </test-method> <!-- subtractTest -->
      </class> <!-- com.example.CalculatorTest -->
    </test> <!-- CalculatorTests -->
  </suite> <!-- CalculatorSuite -->
</testng-results>
